# JRE version: OpenJDK Runtime Environment (8.0_65-b17) (build 1.8.0_65-b17)
# Java VM: OpenJDK 64-Bit Server VM (25.65-b01 mixed mode linux-amd64 compressed oops)
Heap:
 PSYoungGen      total 324608K, used 928K [0x00000000e6c00000, 0x0000000100000000, 0x0000000100000000)
  eden space 271360K, 0% used [0x00000000e6c00000,0x00000000e6c00000,0x00000000f7500000)
  from space 53248K, 1% used [0x00000000f7500000,0x00000000f75e8010,0x00000000fa900000)
  to   space 74752K, 0% used [0x00000000fb700000,0x00000000fb700000,0x0000000100000000)
 ParOldGen       total 103424K, used 103230K [0x00000000b4400000, 0x00000000ba900000, 0x00000000e6c00000)
  object space 103424K, 99% used [0x00000000b4400000,0x00000000ba8cfbd0,0x00000000ba900000)
 Metaspace       used 15762K, capacity 15874K, committed 16128K, reserved 1062912K
  class space    used 1972K, capacity 2009K, committed 2048K, reserved 1048576K
GC Heap History (10 events):
Event: 5.234 GC heap after
Heap after GC invocations=6 (full 0):
 PSYoungGen      total 159232K, used 13294K [0x00000000e6c00000, 0x00000000f3100000, 0x0000000100000000)
  eden space 145920K, 0% used [0x00000000e6c00000,0x00000000e6c00000,0x00000000efa80000)
  from space 13312K, 99% used [0x00000000f1100000,0x00000000f1dfbbc8,0x00000000f1e00000)
  to   space 23040K, 0% used [0x00000000efa80000,0x00000000efa80000,0x00000000f1100000)
 ParOldGen       total 52224K, used 25423K [0x00000000b4400000, 0x00000000b7700000, 0x00000000e6c00000)
  object space 52224K, 48% used [0x00000000b4400000,0x00000000b5cd3ee0,0x00000000b7700000)
 Metaspace       used 8202K, capacity 8260K, committed 8320K, reserved 1056768K
  class space    used 872K, capacity 880K, committed 896K, reserved 1048576K
}
Event: 7.535 GC heap before
{Heap before GC invocations=7 (full 0):
 PSYoungGen      total 159232K, used 159214K [0x00000000e6c00000, 0x00000000f3100000, 0x0000000100000000)
  eden space 145920K, 100% used [0x00000000e6c00000,0x00000000efa80000,0x00000000efa80000)
  from space 13312K, 99% used [0x00000000f1100000,0x00000000f1dfbbc8,0x00000000f1e00000)
  to   space 23040K, 0% used [0x00000000efa80000,0x00000000efa80000,0x00000000f1100000)
 ParOldGen       total 52224K, used 25426K [0x00000000b4400000, 0x00000000b7700000, 0x00000000e6c00000)
  object space 52224K, 48% used [0x00000000b4400000,0x00000000b5cd4908,0x00000000b7700000)
 Metaspace       used 8218K, capacity 8260K, committed 8320K, reserved 1056768K
  class space    used 873K, capacity 880K, committed 896K, reserved 1048576K
Event: 7.666 GC heap after
Heap after GC invocations=7 (full 0):
 PSYoungGen      total 168960K, used 23022K [0x00000000e6c00000, 0x00000000fdd00000, 0x0000000100000000)
  eden space 145920K, 0% used [0x00000000e6c00000,0x00000000e6c00000,0x00000000efa80000)
  from space 23040K, 99% used [0x00000000efa80000,0x00000000f10fb9c0,0x00000000f1100000)
  to   space 43008K, 0% used [0x00000000fb300000,0x00000000fb300000,0x00000000fdd00000)
 ParOldGen       total 54784K, used 54776K [0x00000000b4400000, 0x00000000b7980000, 0x00000000e6c00000)
  object space 54784K, 99% used [0x00000000b4400000,0x00000000b797e0a8,0x00000000b7980000)
 Metaspace       used 8218K, capacity 8260K, committed 8320K, reserved 1056768K
  class space    used 873K, capacity 880K, committed 896K, reserved 1048576K
}
Event: 7.666 GC heap before
{Heap before GC invocations=8 (full 1):
 PSYoungGen      total 168960K, used 23022K [0x00000000e6c00000, 0x00000000fdd00000, 0x0000000100000000)
  eden space 145920K, 0% used [0x00000000e6c00000,0x00000000e6c00000,0x00000000efa80000)
  from space 23040K, 99% used [0x00000000efa80000,0x00000000f10fb9c0,0x00000000f1100000)
  to   space 43008K, 0% used [0x00000000fb300000,0x00000000fb300000,0x00000000fdd00000)
 ParOldGen       total 54784K, used 54776K [0x00000000b4400000, 0x00000000b7980000, 0x00000000e6c00000)
  object space 54784K, 99% used [0x00000000b4400000,0x00000000b797e0a8,0x00000000b7980000)
 Metaspace       used 8218K, capacity 8260K, committed 8320K, reserved 1056768K
  class space    used 873K, capacity 880K, committed 896K, reserved 1048576K
Event: 7.862 GC heap after
Heap after GC invocations=8 (full 1):
 PSYoungGen      total 168960K, used 10125K [0x00000000e6c00000, 0x00000000fdd00000, 0x0000000100000000)
  eden space 145920K, 0% used [0x00000000e6c00000,0x00000000e6c00000,0x00000000efa80000)
  from space 23040K, 43% used [0x00000000efa80000,0x00000000f0463518,0x00000000f1100000)
  to   space 43008K, 0% used [0x00000000fb300000,0x00000000fb300000,0x00000000fdd00000)
 ParOldGen       total 103424K, used 54322K [0x00000000b4400000, 0x00000000ba900000, 0x00000000e6c00000)
  object space 103424K, 52% used [0x00000000b4400000,0x00000000b790ca60,0x00000000ba900000)
 Metaspace       used 8218K, capacity 8260K, committed 8320K, reserved 1056768K
  class space    used 873K, capacity 880K, committed 896K, reserved 1048576K
}
Event: 9.302 GC heap before
{Heap before GC invocations=9 (full 1):
 PSYoungGen      total 168960K, used 156045K [0x00000000e6c00000, 0x00000000fdd00000, 0x0000000100000000)
  eden space 145920K, 100% used [0x00000000e6c00000,0x00000000efa80000,0x00000000efa80000)
  from space 23040K, 43% used [0x00000000efa80000,0x00000000f0463518,0x00000000f1100000)
  to   space 43008K, 0% used [0x00000000fb300000,0x00000000fb300000,0x00000000fdd00000)
 ParOldGen       total 103424K, used 54322K [0x00000000b4400000, 0x00000000ba900000, 0x00000000e6c00000)
  object space 103424K, 52% used [0x00000000b4400000,0x00000000b790ca60,0x00000000ba900000)
 Metaspace       used 8221K, capacity 8260K, committed 8320K, reserved 1056768K
  class space    used 873K, capacity 880K, committed 896K, reserved 1048576K
Event: 9.456 GC heap after
Heap after GC invocations=9 (full 1):
 PSYoungGen      total 302080K, used 43004K [0x00000000e6c00000, 0x00000000fdd00000, 0x0000000100000000)
  eden space 259072K, 0% used [0x00000000e6c00000,0x00000000e6c00000,0x00000000f6900000)
  from space 43008K, 99% used [0x00000000fb300000,0x00000000fdcff040,0x00000000fdd00000)
  to   space 53248K, 0% used [0x00000000f7500000,0x00000000f7500000,0x00000000fa900000)
 ParOldGen       total 103424K, used 56834K [0x00000000b4400000, 0x00000000ba900000, 0x00000000e6c00000)
  object space 103424K, 54% used [0x00000000b4400000,0x00000000b7b80a60,0x00000000ba900000)
 Metaspace       used 8221K, capacity 8260K, committed 8320K, reserved 1056768K
  class space    used 873K, capacity 880K, committed 896K, reserved 1048576K
}
Event: 17.432 GC heap before
{Heap before GC invocations=10 (full 1):
 PSYoungGen      total 302080K, used 302076K [0x00000000e6c00000, 0x00000000fdd00000, 0x0000000100000000)
  eden space 259072K, 100% used [0x00000000e6c00000,0x00000000f6900000,0x00000000f6900000)
  from space 43008K, 99% used [0x00000000fb300000,0x00000000fdcff040,0x00000000fdd00000)
  to   space 53248K, 0% used [0x00000000f7500000,0x00000000f7500000,0x00000000fa900000)
 ParOldGen       total 103424K, used 56834K [0x00000000b4400000, 0x00000000ba900000, 0x00000000e6c00000)
  object space 103424K, 54% used [0x00000000b4400000,0x00000000b7b80a60,0x00000000ba900000)
 Metaspace       used 15762K, capacity 15874K, committed 16128K, reserved 1062912K
  class space    used 1972K, capacity 2009K, committed 2048K, reserved 1048576K
Event: 17.555 GC heap after
Heap after GC invocations=10 (full 1):
 PSYoungGen      total 324608K, used 53216K [0x00000000e6c00000, 0x0000000100000000, 0x0000000100000000)
  eden space 271360K, 0% used [0x00000000e6c00000,0x00000000e6c00000,0x00000000f7500000)
  from space 53248K, 99% used [0x00000000f7500000,0x00000000fa8f83c8,0x00000000fa900000)
  to   space 74752K, 0% used [0x00000000fb700000,0x00000000fb700000,0x0000000100000000)
 ParOldGen       total 103424K, used 84426K [0x00000000b4400000, 0x00000000ba900000, 0x00000000e6c00000)
  object space 103424K, 81% used [0x00000000b4400000,0x00000000b9672af8,0x00000000ba900000)
 Metaspace       used 15762K, capacity 15874K, committed 16128K, reserved 1062912K
  class space    used 1972K, capacity 2009K, committed 2048K, reserved 1048576K
}
Event: 17.555 GC heap before
{Heap before GC invocations=11 (full 2):
 PSYoungGen      total 324608K, used 53216K [0x00000000e6c00000, 0x0000000100000000, 0x0000000100000000)
  eden space 271360K, 0% used [0x00000000e6c00000,0x00000000e6c00000,0x00000000f7500000)
  from space 53248K, 99% used [0x00000000f7500000,0x00000000fa8f83c8,0x00000000fa900000)
  to   space 74752K, 0% used [0x00000000fb700000,0x00000000fb700000,0x0000000100000000)
 ParOldGen       total 103424K, used 84426K [0x00000000b4400000, 0x00000000ba900000, 0x00000000e6c00000)
  object space 103424K, 81% used [0x00000000b4400000,0x00000000b9672af8,0x00000000ba900000)
 Metaspace       used 15762K, capacity 15874K, committed 16128K, reserved 1062912K
  class space    used 1972K, capacity 2009K, committed 2048K, reserved 1048576K

