# JRE version: OpenJDK Runtime Environment (8.0_66-b17) (build 1.8.0_66-b17)
# Java VM: OpenJDK 64-Bit Server VM (25.66-b17 mixed mode linux-amd64 compressed oops)
Heap:
 PSYoungGen      total 68608K, used 68583K [0x00000000d7000000, 0x00000000e0100000, 0x0000000100000000)
  eden space 63488K, 100% used [0x00000000d7000000,0x00000000dae00000,0x00000000dae00000)
  from space 5120K, 99% used [0x00000000dae00000,0x00000000db2f9f70,0x00000000db300000)
  to   space 10752K, 99% used [0x00000000df680000,0x00000000e00feb08,0x00000000e0100000)
 ParOldGen       total 84992K, used 20183K [0x0000000085000000, 0x000000008a300000, 0x00000000d7000000)
  object space 84992K, 23% used [0x0000000085000000,0x00000000863b5f20,0x000000008a300000)
 Metaspace       used 8214K, capacity 8260K, committed 8320K, reserved 1056768K
  class space    used 870K, capacity 880K, committed 896K, reserved 1048576K
GC Heap History (10 events):
Event: 0.387 GC heap before
{Heap before GC invocations=1 (full 0):
 PSYoungGen      total 36864K, used 31744K [0x00000000d7000000, 0x00000000d9900000, 0x0000000100000000)
  eden space 31744K, 100% used [0x00000000d7000000,0x00000000d8f00000,0x00000000d8f00000)
  from space 5120K, 0% used [0x00000000d9400000,0x00000000d9400000,0x00000000d9900000)
  to   space 5120K, 0% used [0x00000000d8f00000,0x00000000d8f00000,0x00000000d9400000)
 ParOldGen       total 84992K, used 0K [0x0000000085000000, 0x000000008a300000, 0x00000000d7000000)
  object space 84992K, 0% used [0x0000000085000000,0x0000000085000000,0x000000008a300000)
 Metaspace       used 7055K, capacity 7172K, committed 7296K, reserved 1056768K
  class space    used 776K, capacity 816K, committed 896K, reserved 1048576K
Event: 0.390 GC heap after
Heap after GC invocations=1 (full 0):
 PSYoungGen      total 36864K, used 2872K [0x00000000d7000000, 0x00000000d9900000, 0x0000000100000000)
  eden space 31744K, 0% used [0x00000000d7000000,0x00000000d7000000,0x00000000d8f00000)
  from space 5120K, 56% used [0x00000000d8f00000,0x00000000d91ce3a8,0x00000000d9400000)
  to   space 5120K, 0% used [0x00000000d9400000,0x00000000d9400000,0x00000000d9900000)
 ParOldGen       total 84992K, used 72K [0x0000000085000000, 0x000000008a300000, 0x00000000d7000000)
  object space 84992K, 0% used [0x0000000085000000,0x0000000085012010,0x000000008a300000)
 Metaspace       used 7055K, capacity 7172K, committed 7296K, reserved 1056768K
  class space    used 776K, capacity 816K, committed 896K, reserved 1048576K
}
Event: 0.452 GC heap before
{Heap before GC invocations=2 (full 0):
 PSYoungGen      total 36864K, used 34616K [0x00000000d7000000, 0x00000000d9900000, 0x0000000100000000)
  eden space 31744K, 100% used [0x00000000d7000000,0x00000000d8f00000,0x00000000d8f00000)
  from space 5120K, 56% used [0x00000000d8f00000,0x00000000d91ce3a8,0x00000000d9400000)
  to   space 5120K, 0% used [0x00000000d9400000,0x00000000d9400000,0x00000000d9900000)
 ParOldGen       total 84992K, used 72K [0x0000000085000000, 0x000000008a300000, 0x00000000d7000000)
  object space 84992K, 0% used [0x0000000085000000,0x0000000085012010,0x000000008a300000)
 Metaspace       used 7095K, capacity 7236K, committed 7552K, reserved 1056768K
  class space    used 776K, capacity 816K, committed 896K, reserved 1048576K
Event: 0.454 GC heap after
Heap after GC invocations=2 (full 0):
 PSYoungGen      total 36864K, used 1606K [0x00000000d7000000, 0x00000000db800000, 0x0000000100000000)
  eden space 31744K, 0% used [0x00000000d7000000,0x00000000d7000000,0x00000000d8f00000)
  from space 5120K, 31% used [0x00000000d9400000,0x00000000d9591b18,0x00000000d9900000)
  to   space 5120K, 0% used [0x00000000d8f00000,0x00000000d8f00000,0x00000000d9400000)
 ParOldGen       total 84992K, used 80K [0x0000000085000000, 0x000000008a300000, 0x00000000d7000000)
  object space 84992K, 0% used [0x0000000085000000,0x0000000085014010,0x000000008a300000)
 Metaspace       used 7095K, capacity 7236K, committed 7552K, reserved 1056768K
  class space    used 776K, capacity 816K, committed 896K, reserved 1048576K
}
Event: 0.576 GC heap before
{Heap before GC invocations=3 (full 0):
 PSYoungGen      total 36864K, used 33350K [0x00000000d7000000, 0x00000000db800000, 0x0000000100000000)
  eden space 31744K, 100% used [0x00000000d7000000,0x00000000d8f00000,0x00000000d8f00000)
  from space 5120K, 31% used [0x00000000d9400000,0x00000000d9591b18,0x00000000d9900000)
  to   space 5120K, 0% used [0x00000000d8f00000,0x00000000d8f00000,0x00000000d9400000)
 ParOldGen       total 84992K, used 80K [0x0000000085000000, 0x000000008a300000, 0x00000000d7000000)
  object space 84992K, 0% used [0x0000000085000000,0x0000000085014010,0x000000008a300000)
 Metaspace       used 7148K, capacity 7236K, committed 7552K, reserved 1056768K
  class space    used 776K, capacity 816K, committed 896K, reserved 1048576K
Event: 0.579 GC heap after
Heap after GC invocations=3 (full 0):
 PSYoungGen      total 36864K, used 1904K [0x00000000d7000000, 0x00000000db800000, 0x0000000100000000)
  eden space 31744K, 0% used [0x00000000d7000000,0x00000000d7000000,0x00000000d8f00000)
  from space 5120K, 37% used [0x00000000d8f00000,0x00000000d90dc040,0x00000000d9400000)
  to   space 5120K, 0% used [0x00000000db300000,0x00000000db300000,0x00000000db800000)
 ParOldGen       total 84992K, used 88K [0x0000000085000000, 0x000000008a300000, 0x00000000d7000000)
  object space 84992K, 0% used [0x0000000085000000,0x0000000085016010,0x000000008a300000)
 Metaspace       used 7148K, capacity 7236K, committed 7552K, reserved 1056768K
  class space    used 776K, capacity 816K, committed 896K, reserved 1048576K
}
Event: 0.662 GC heap before
{Heap before GC invocations=4 (full 0):
 PSYoungGen      total 36864K, used 33648K [0x00000000d7000000, 0x00000000db800000, 0x0000000100000000)
  eden space 31744K, 100% used [0x00000000d7000000,0x00000000d8f00000,0x00000000d8f00000)
  from space 5120K, 37% used [0x00000000d8f00000,0x00000000d90dc040,0x00000000d9400000)
  to   space 5120K, 0% used [0x00000000db300000,0x00000000db300000,0x00000000db800000)
 ParOldGen       total 84992K, used 88K [0x0000000085000000, 0x000000008a300000, 0x00000000d7000000)
  object space 84992K, 0% used [0x0000000085000000,0x0000000085016010,0x000000008a300000)
 Metaspace       used 7166K, capacity 7236K, committed 7552K, reserved 1056768K
  class space    used 776K, capacity 816K, committed 896K, reserved 1048576K
Event: 0.667 GC heap after
Heap after GC invocations=4 (full 0):
 PSYoungGen      total 68608K, used 1680K [0x00000000d7000000, 0x00000000db800000, 0x0000000100000000)
  eden space 63488K, 0% used [0x00000000d7000000,0x00000000d7000000,0x00000000dae00000)
  from space 5120K, 32% used [0x00000000db300000,0x00000000db4a4020,0x00000000db800000)
  to   space 5120K, 0% used [0x00000000dae00000,0x00000000dae00000,0x00000000db300000)
 ParOldGen       total 84992K, used 88K [0x0000000085000000, 0x000000008a300000, 0x00000000d7000000)
  object space 84992K, 0% used [0x0000000085000000,0x0000000085016010,0x000000008a300000)
 Metaspace       used 7166K, capacity 7236K, committed 7552K, reserved 1056768K
  class space    used 776K, capacity 816K, committed 896K, reserved 1048576K
}
Event: 1.426 GC heap before
{Heap before GC invocations=5 (full 0):
 PSYoungGen      total 68608K, used 65168K [0x00000000d7000000, 0x00000000db800000, 0x0000000100000000)
  eden space 63488K, 100% used [0x00000000d7000000,0x00000000dae00000,0x00000000dae00000)
  from space 5120K, 32% used [0x00000000db300000,0x00000000db4a4020,0x00000000db800000)
  to   space 5120K, 0% used [0x00000000dae00000,0x00000000dae00000,0x00000000db300000)
 ParOldGen       total 84992K, used 112K [0x0000000085000000, 0x000000008a300000, 0x00000000d7000000)
  object space 84992K, 0% used [0x0000000085000000,0x000000008501c110,0x000000008a300000)
 Metaspace       used 8200K, capacity 8260K, committed 8320K, reserved 1056768K
  class space    used 870K, capacity 880K, committed 896K, reserved 1048576K
Event: 1.453 GC heap after
Heap after GC invocations=5 (full 0):
 PSYoungGen      total 68608K, used 5095K [0x00000000d7000000, 0x00000000e0100000, 0x0000000100000000)
  eden space 63488K, 0% used [0x00000000d7000000,0x00000000d7000000,0x00000000dae00000)
  from space 5120K, 99% used [0x00000000dae00000,0x00000000db2f9f70,0x00000000db300000)
  to   space 10752K, 0% used [0x00000000df680000,0x00000000df680000,0x00000000e0100000)
 ParOldGen       total 84992K, used 8455K [0x0000000085000000, 0x000000008a300000, 0x00000000d7000000)
  object space 84992K, 9% used [0x0000000085000000,0x0000000085841c98,0x000000008a300000)
 Metaspace       used 8200K, capacity 8260K, committed 8320K, reserved 1056768K
  class space    used 870K, capacity 880K, committed 896K, reserved 1048576K
}

