# JRE version: OpenJDK Runtime Environment (7.0_85-b01) (build 1.7.0_85-b01)
# Java VM: OpenJDK 64-Bit Server VM (24.85-b03 mixed mode linux-amd64 compressed oops)
Heap
 def new generation   total 7744K, used 4659K [0x00000000d6800000, 0x00000000d7060000, 0x00000000e0e00000)
  eden space 6912K,  55% used [0x00000000d6800000, 0x00000000d6bbce18, 0x00000000d6ec0000)
  from space 832K,  99% used [0x00000000d6f90000, 0x00000000d705fff8, 0x00000000d7060000)
  to   space 832K,   0% used [0x00000000d6ec0000, 0x00000000d6ec0000, 0x00000000d6f90000)
 tenured generation   total 17000K, used 11268K [0x00000000e0e00000, 0x00000000e1e9a000, 0x00000000f5a00000)
   the space 17000K,  66% used [0x00000000e0e00000, 0x00000000e1901108, 0x00000000e1901200, 0x00000000e1e9a000)
 compacting perm gen  total 21248K, used 8593K [0x00000000f5a00000, 0x00000000f6ec0000, 0x0000000100000000)
   the space 21248K,  40% used [0x00000000f5a00000, 0x00000000f62646a8, 0x00000000f6264800, 0x00000000f6ec0000)
GC Heap History (10 events):
Event: 4.511 GC heap before
{Heap before GC invocations=33 (full 0):
 def new generation   total 4800K, used 4799K [0x00000000d6800000, 0x00000000d6d30000, 0x00000000e0e00000)
  eden space 4288K, 100% used [0x00000000d6800000, 0x00000000d6c30000, 0x00000000d6c30000)
  from space 512K,  99% used [0x00000000d6cb0000, 0x00000000d6d2fff8, 0x00000000d6d30000)
  to   space 512K,   0% used [0x00000000d6c30000, 0x00000000d6c30000, 0x00000000d6cb0000)
 tenured generation   total 10624K, used 6265K [0x00000000e0e00000, 0x00000000e1860000, 0x00000000f5a00000)
   the space 10624K,  58% used [0x00000000e0e00000, 0x00000000e141e7b8, 0x00000000e141e800, 0x00000000e1860000)
 compacting perm gen  total 21248K, used 8555K [0x00000000f5a00000, 0x00000000f6ec0000, 0x0000000100000000)
   the space 21248K,  40% used [0x00000000f5a00000, 0x00000000f625af80, 0x00000000f625b000, 0x00000000f6ec0000)
No shared spaces configured.
Event: 4.513 GC heap after
Heap after GC invocations=34 (full 0):
 def new generation   total 4800K, used 511K [0x00000000d6800000, 0x00000000d6d30000, 0x00000000e0e00000)
  eden space 4288K,   0% used [0x00000000d6800000, 0x00000000d6800000, 0x00000000d6c30000)
  from space 512K,  99% used [0x00000000d6c30000, 0x00000000d6cafff0, 0x00000000d6cb0000)
  to   space 512K,   0% used [0x00000000d6cb0000, 0x00000000d6cb0000, 0x00000000d6d30000)
 tenured generation   total 10624K, used 7513K [0x00000000e0e00000, 0x00000000e1860000, 0x00000000f5a00000)
   the space 10624K,  70% used [0x00000000e0e00000, 0x00000000e15565d0, 0x00000000e1556600, 0x00000000e1860000)
 compacting perm gen  total 21248K, used 8555K [0x00000000f5a00000, 0x00000000f6ec0000, 0x0000000100000000)
   the space 21248K,  40% used [0x00000000f5a00000, 0x00000000f625af80, 0x00000000f625b000, 0x00000000f6ec0000)
No shared spaces configured.
}
Event: 4.901 GC heap before
{Heap before GC invocations=34 (full 0):
 def new generation   total 4800K, used 4799K [0x00000000d6800000, 0x00000000d6d30000, 0x00000000e0e00000)
  eden space 4288K, 100% used [0x00000000d6800000, 0x00000000d6c30000, 0x00000000d6c30000)
  from space 512K,  99% used [0x00000000d6c30000, 0x00000000d6cafff0, 0x00000000d6cb0000)
  to   space 512K,   0% used [0x00000000d6cb0000, 0x00000000d6cb0000, 0x00000000d6d30000)
 tenured generation   total 10624K, used 7513K [0x00000000e0e00000, 0x00000000e1860000, 0x00000000f5a00000)
   the space 10624K,  70% used [0x00000000e0e00000, 0x00000000e15565d0, 0x00000000e1556600, 0x00000000e1860000)
 compacting perm gen  total 21248K, used 8564K [0x00000000f5a00000, 0x00000000f6ec0000, 0x0000000100000000)
   the space 21248K,  40% used [0x00000000f5a00000, 0x00000000f625d0e0, 0x00000000f625d200, 0x00000000f6ec0000)
No shared spaces configured.
Event: 4.920 GC heap after
Heap after GC invocations=35 (full 0):
 def new generation   total 4800K, used 512K [0x00000000d6800000, 0x00000000d6d30000, 0x00000000e0e00000)
  eden space 4288K,   0% used [0x00000000d6800000, 0x00000000d6800000, 0x00000000d6c30000)
  from space 512K, 100% used [0x00000000d6cb0000, 0x00000000d6d30000, 0x00000000d6d30000)
  to   space 512K,   0% used [0x00000000d6c30000, 0x00000000d6c30000, 0x00000000d6cb0000)
 tenured generation   total 10624K, used 8685K [0x00000000e0e00000, 0x00000000e1860000, 0x00000000f5a00000)
   the space 10624K,  81% used [0x00000000e0e00000, 0x00000000e167b738, 0x00000000e167b800, 0x00000000e1860000)
 compacting perm gen  total 21248K, used 8564K [0x00000000f5a00000, 0x00000000f6ec0000, 0x0000000100000000)
   the space 21248K,  40% used [0x00000000f5a00000, 0x00000000f625d0e0, 0x00000000f625d200, 0x00000000f6ec0000)
No shared spaces configured.
}
Event: 5.295 GC heap before
{Heap before GC invocations=35 (full 0):
 def new generation   total 4800K, used 4800K [0x00000000d6800000, 0x00000000d6d30000, 0x00000000e0e00000)
  eden space 4288K, 100% used [0x00000000d6800000, 0x00000000d6c30000, 0x00000000d6c30000)
  from space 512K, 100% used [0x00000000d6cb0000, 0x00000000d6d30000, 0x00000000d6d30000)
  to   space 512K,   0% used [0x00000000d6c30000, 0x00000000d6c30000, 0x00000000d6cb0000)
 tenured generation   total 10624K, used 8685K [0x00000000e0e00000, 0x00000000e1860000, 0x00000000f5a00000)
   the space 10624K,  81% used [0x00000000e0e00000, 0x00000000e167b738, 0x00000000e167b800, 0x00000000e1860000)
 compacting perm gen  total 21248K, used 8574K [0x00000000f5a00000, 0x00000000f6ec0000, 0x0000000100000000)
   the space 21248K,  40% used [0x00000000f5a00000, 0x00000000f625f828, 0x00000000f625fa00, 0x00000000f6ec0000)
No shared spaces configured.
Event: 5.298 GC heap after
Heap after GC invocations=36 (full 0):
 def new generation   total 4800K, used 511K [0x00000000d6800000, 0x00000000d6d30000, 0x00000000e0e00000)
  eden space 4288K,   0% used [0x00000000d6800000, 0x00000000d6800000, 0x00000000d6c30000)
  from space 512K,  99% used [0x00000000d6c30000, 0x00000000d6cafff0, 0x00000000d6cb0000)
  to   space 512K,   0% used [0x00000000d6cb0000, 0x00000000d6cb0000, 0x00000000d6d30000)
 tenured generation   total 10624K, used 9863K [0x00000000e0e00000, 0x00000000e1860000, 0x00000000f5a00000)
   the space 10624K,  92% used [0x00000000e0e00000, 0x00000000e17a1ea0, 0x00000000e17a2000, 0x00000000e1860000)
 compacting perm gen  total 21248K, used 8574K [0x00000000f5a00000, 0x00000000f6ec0000, 0x0000000100000000)
   the space 21248K,  40% used [0x00000000f5a00000, 0x00000000f625f828, 0x00000000f625fa00, 0x00000000f6ec0000)
No shared spaces configured.
}
Event: 5.471 GC heap before
{Heap before GC invocations=36 (full 0):
 def new generation   total 4800K, used 4799K [0x00000000d6800000, 0x00000000d6d30000, 0x00000000e0e00000)
  eden space 4288K, 100% used [0x00000000d6800000, 0x00000000d6c30000, 0x00000000d6c30000)
  from space 512K,  99% used [0x00000000d6c30000, 0x00000000d6cafff0, 0x00000000d6cb0000)
  to   space 512K,   0% used [0x00000000d6cb0000, 0x00000000d6cb0000, 0x00000000d6d30000)
 tenured generation   total 10624K, used 9863K [0x00000000e0e00000, 0x00000000e1860000, 0x00000000f5a00000)
   the space 10624K,  92% used [0x00000000e0e00000, 0x00000000e17a1ea0, 0x00000000e17a2000, 0x00000000e1860000)
 compacting perm gen  total 21248K, used 8576K [0x00000000f5a00000, 0x00000000f6ec0000, 0x0000000100000000)
   the space 21248K,  40% used [0x00000000f5a00000, 0x00000000f6260250, 0x00000000f6260400, 0x00000000f6ec0000)
No shared spaces configured.
Event: 5.558 GC heap after
Heap after GC invocations=37 (full 1):
 def new generation   total 7744K, used 0K [0x00000000d6800000, 0x00000000d7060000, 0x00000000e0e00000)
  eden space 6912K,   0% used [0x00000000d6800000, 0x00000000d6800000, 0x00000000d6ec0000)
  from space 832K,   0% used [0x00000000d6ec0000, 0x00000000d6ec0000, 0x00000000d6f90000)
  to   space 832K,   0% used [0x00000000d6f90000, 0x00000000d6f90000, 0x00000000d7060000)
 tenured generation   total 17000K, used 10198K [0x00000000e0e00000, 0x00000000e1e9a000, 0x00000000f5a00000)
   the space 17000K,  59% used [0x00000000e0e00000, 0x00000000e17f5b58, 0x00000000e17f5c00, 0x00000000e1e9a000)
 compacting perm gen  total 21248K, used 8576K [0x00000000f5a00000, 0x00000000f6ec0000, 0x0000000100000000)
   the space 21248K,  40% used [0x00000000f5a00000, 0x00000000f6260250, 0x00000000f6260400, 0x00000000f6ec0000)
No shared spaces configured.
}
Event: 6.043 GC heap before
{Heap before GC invocations=37 (full 1):
 def new generation   total 7744K, used 6912K [0x00000000d6800000, 0x00000000d7060000, 0x00000000e0e00000)
  eden space 6912K, 100% used [0x00000000d6800000, 0x00000000d6ec0000, 0x00000000d6ec0000)
  from space 832K,   0% used [0x00000000d6ec0000, 0x00000000d6ec0000, 0x00000000d6f90000)
  to   space 832K,   0% used [0x00000000d6f90000, 0x00000000d6f90000, 0x00000000d7060000)
 tenured generation   total 17000K, used 10198K [0x00000000e0e00000, 0x00000000e1e9a000, 0x00000000f5a00000)
   the space 17000K,  59% used [0x00000000e0e00000, 0x00000000e17f5b58, 0x00000000e17f5c00, 0x00000000e1e9a000)
 compacting perm gen  total 21248K, used 8591K [0x00000000f5a00000, 0x00000000f6ec0000, 0x0000000100000000)
   the space 21248K,  40% used [0x00000000f5a00000, 0x00000000f6263c48, 0x00000000f6263e00, 0x00000000f6ec0000)
No shared spaces configured.
Event: 6.050 GC heap after
Heap after GC invocations=38 (full 1):
 def new generation   total 7744K, used 831K [0x00000000d6800000, 0x00000000d7060000, 0x00000000e0e00000)
  eden space 6912K,   0% used [0x00000000d6800000, 0x00000000d6800000, 0x00000000d6ec0000)
  from space 832K,  99% used [0x00000000d6f90000, 0x00000000d705fff8, 0x00000000d7060000)
  to   space 832K,   0% used [0x00000000d6ec0000, 0x00000000d6ec0000, 0x00000000d6f90000)
 tenured generation   total 17000K, used 11268K [0x00000000e0e00000, 0x00000000e1e9a000, 0x00000000f5a00000)
   the space 17000K,  66% used [0x00000000e0e00000, 0x00000000e1901108, 0x00000000e1901200, 0x00000000e1e9a000)
 compacting perm gen  total 21248K, used 8591K [0x00000000f5a00000, 0x00000000f6ec0000, 0x0000000100000000)
   the space 21248K,  40% used [0x00000000f5a00000, 0x00000000f6263c48, 0x00000000f6263e00, 0x00000000f6ec0000)
No shared spaces configured.
}

