# JRE version: OpenJDK Runtime Environment (8.0_65-b17) (build 1.8.0_65-b17)
# Java VM: OpenJDK 64-Bit Server VM (25.65-b01 mixed mode linux-amd64 compressed oops)
Heap:
 PSYoungGen      total 68608K, used 61436K [0x00000000d6c00000, 0x00000000df200000, 0x0000000100000000)
  eden space 63488K, 93% used [0x00000000d6c00000,0x00000000da6172e8,0x00000000daa00000)
  from space 5120K, 38% used [0x00000000daa00000,0x00000000dabe8030,0x00000000daf00000)
  to   space 5120K, 0% used [0x00000000ded00000,0x00000000ded00000,0x00000000df200000)
 ParOldGen       total 84992K, used 80K [0x0000000084400000, 0x0000000089700000, 0x00000000d6c00000)
  object space 84992K, 0% used [0x0000000084400000,0x0000000084414010,0x0000000089700000)
 Metaspace       used 8207K, capacity 8260K, committed 8320K, reserved 1056768K
  class space    used 874K, capacity 880K, committed 896K, reserved 1048576K
GC Heap History (6 events):
Event: 0.395 GC heap before
{Heap before GC invocations=1 (full 0):
 PSYoungGen      total 36864K, used 31744K [0x00000000d6c00000, 0x00000000d9500000, 0x0000000100000000)
  eden space 31744K, 100% used [0x00000000d6c00000,0x00000000d8b00000,0x00000000d8b00000)
  from space 5120K, 0% used [0x00000000d9000000,0x00000000d9000000,0x00000000d9500000)
  to   space 5120K, 0% used [0x00000000d8b00000,0x00000000d8b00000,0x00000000d9000000)
 ParOldGen       total 84992K, used 0K [0x0000000084400000, 0x0000000089700000, 0x00000000d6c00000)
  object space 84992K, 0% used [0x0000000084400000,0x0000000084400000,0x0000000089700000)
 Metaspace       used 7084K, capacity 7172K, committed 7296K, reserved 1056768K
  class space    used 778K, capacity 816K, committed 896K, reserved 1048576K
Event: 0.403 GC heap after
Heap after GC invocations=1 (full 0):
 PSYoungGen      total 36864K, used 2876K [0x00000000d6c00000, 0x00000000db400000, 0x0000000100000000)
  eden space 31744K, 0% used [0x00000000d6c00000,0x00000000d6c00000,0x00000000d8b00000)
  from space 5120K, 56% used [0x00000000d8b00000,0x00000000d8dcf2f0,0x00000000d9000000)
  to   space 5120K, 0% used [0x00000000daf00000,0x00000000daf00000,0x00000000db400000)
 ParOldGen       total 84992K, used 72K [0x0000000084400000, 0x0000000089700000, 0x00000000d6c00000)
  object space 84992K, 0% used [0x0000000084400000,0x0000000084412010,0x0000000089700000)
 Metaspace       used 7084K, capacity 7172K, committed 7296K, reserved 1056768K
  class space    used 778K, capacity 816K, committed 896K, reserved 1048576K
}
Event: 0.470 GC heap before
{Heap before GC invocations=2 (full 0):
 PSYoungGen      total 36864K, used 34620K [0x00000000d6c00000, 0x00000000db400000, 0x0000000100000000)
  eden space 31744K, 100% used [0x00000000d6c00000,0x00000000d8b00000,0x00000000d8b00000)
  from space 5120K, 56% used [0x00000000d8b00000,0x00000000d8dcf2f0,0x00000000d9000000)
  to   space 5120K, 0% used [0x00000000daf00000,0x00000000daf00000,0x00000000db400000)
 ParOldGen       total 84992K, used 72K [0x0000000084400000, 0x0000000089700000, 0x00000000d6c00000)
  object space 84992K, 0% used [0x0000000084400000,0x0000000084412010,0x0000000089700000)
 Metaspace       used 7118K, capacity 7236K, committed 7552K, reserved 1056768K
  class space    used 778K, capacity 816K, committed 896K, reserved 1048576K
Event: 0.486 GC heap after
Heap after GC invocations=2 (full 0):
 PSYoungGen      total 68608K, used 1632K [0x00000000d6c00000, 0x00000000db400000, 0x0000000100000000)
  eden space 63488K, 0% used [0x00000000d6c00000,0x00000000d6c00000,0x00000000daa00000)
  from space 5120K, 31% used [0x00000000daf00000,0x00000000db098030,0x00000000db400000)
  to   space 5120K, 0% used [0x00000000daa00000,0x00000000daa00000,0x00000000daf00000)
 ParOldGen       total 84992K, used 80K [0x0000000084400000, 0x0000000089700000, 0x00000000d6c00000)
  object space 84992K, 0% used [0x0000000084400000,0x0000000084414010,0x0000000089700000)
 Metaspace       used 7118K, capacity 7236K, committed 7552K, reserved 1056768K
  class space    used 778K, capacity 816K, committed 896K, reserved 1048576K
}
Event: 0.707 GC heap before
{Heap before GC invocations=3 (full 0):
 PSYoungGen      total 68608K, used 65120K [0x00000000d6c00000, 0x00000000db400000, 0x0000000100000000)
  eden space 63488K, 100% used [0x00000000d6c00000,0x00000000daa00000,0x00000000daa00000)
  from space 5120K, 31% used [0x00000000daf00000,0x00000000db098030,0x00000000db400000)
  to   space 5120K, 0% used [0x00000000daa00000,0x00000000daa00000,0x00000000daf00000)
 ParOldGen       total 84992K, used 80K [0x0000000084400000, 0x0000000089700000, 0x00000000d6c00000)
  object space 84992K, 0% used [0x0000000084400000,0x0000000084414010,0x0000000089700000)
 Metaspace       used 7182K, capacity 7300K, committed 7552K, reserved 1056768K
  class space    used 778K, capacity 816K, committed 896K, reserved 1048576K
Event: 0.720 GC heap after
Heap after GC invocations=3 (full 0):
 PSYoungGen      total 68608K, used 1952K [0x00000000d6c00000, 0x00000000df200000, 0x0000000100000000)
  eden space 63488K, 0% used [0x00000000d6c00000,0x00000000d6c00000,0x00000000daa00000)
  from space 5120K, 38% used [0x00000000daa00000,0x00000000dabe8030,0x00000000daf00000)
  to   space 5120K, 0% used [0x00000000ded00000,0x00000000ded00000,0x00000000df200000)
 ParOldGen       total 84992K, used 80K [0x0000000084400000, 0x0000000089700000, 0x00000000d6c00000)
  object space 84992K, 0% used [0x0000000084400000,0x0000000084414010,0x0000000089700000)
 Metaspace       used 7182K, capacity 7300K, committed 7552K, reserved 1056768K
  class space    used 778K, capacity 816K, committed 896K, reserved 1048576K
}

